TN:
SF:src/notesManager.ts
FN:15,(anonymous_0)
FN:22,(anonymous_1)
FN:31,(anonymous_2)
FN:41,(anonymous_3)
FN:51,(anonymous_4)
FN:77,(anonymous_5)
FN:100,(anonymous_6)
FN:124,(anonymous_7)
FN:144,(anonymous_8)
FN:160,(anonymous_9)
FNF:10
FNH:10
FNDA:1,(anonymous_0)
FNDA:11,(anonymous_1)
FNDA:2,(anonymous_2)
FNDA:6,(anonymous_3)
FNDA:4,(anonymous_4)
FNDA:2,(anonymous_5)
FNDA:2,(anonymous_6)
FNDA:2,(anonymous_7)
FNDA:2,(anonymous_8)
FNDA:3,(anonymous_9)
DA:1,1
DA:2,1
DA:9,1
DA:14,1
DA:23,11
DA:32,2
DA:33,0
DA:42,6
DA:43,6
DA:52,4
DA:53,0
DA:55,4
DA:56,0
DA:58,4
DA:59,0
DA:61,4
DA:62,4
DA:65,0
DA:66,0
DA:78,2
DA:79,2
DA:80,2
DA:81,2
DA:82,1
DA:87,1
DA:88,1
DA:90,1
DA:91,1
DA:101,2
DA:102,2
DA:103,2
DA:104,2
DA:105,2
DA:106,2
DA:107,2
DA:108,2
DA:109,2
DA:112,0
DA:113,0
DA:125,2
DA:126,2
DA:127,2
DA:128,2
DA:129,2
DA:130,2
DA:131,2
DA:132,2
DA:134,0
DA:135,0
DA:145,2
DA:146,2
DA:147,1
DA:148,1
DA:149,1
DA:151,1
DA:152,1
DA:161,3
DA:162,3
DA:163,2
DA:164,2
DA:165,2
DA:166,2
DA:167,2
DA:168,2
DA:169,2
DA:170,2
DA:172,2
DA:175,0
DA:176,0
DA:179,1
DA:180,1
LF:71
LH:59
BRDA:32,0,0,0
BRDA:32,0,1,2
BRDA:52,1,0,0
BRDA:52,1,1,4
BRDA:55,2,0,0
BRDA:55,2,1,4
BRDA:58,3,0,0
BRDA:58,3,1,4
BRDA:61,4,0,4
BRDA:61,4,1,0
BRDA:81,5,0,1
BRDA:81,5,1,1
BRDA:103,6,0,2
BRDA:103,6,1,0
BRDA:126,7,0,2
BRDA:126,7,1,0
BRDA:146,8,0,1
BRDA:146,8,1,1
BRDA:162,9,0,2
BRDA:162,9,1,1
BRDA:164,10,0,2
BRDA:164,10,1,0
BRF:22
BRH:14
end_of_record
